Drill Listing
=============
Drill: .01181  Tool: 1  Feed: 95  Speed: 300
X 560039  Y 404724
X 560039  Y 434645
X 549803  Y 447834
X 548228  Y 513582
X 555511  Y 524606
X 548031  Y 536023
X 574803  Y 586614
X 575984  Y 545472
X 574803  Y 539370
X 583464  Y 538779
X 579724  Y 509842
X 562992  Y 495078
X 563976  Y 471456
X 574803  Y 459645
X 584645  Y 454724
X 584645  Y 448818
X 576771  Y 440944
X 564960  Y 434645
X 584645  Y 434055
X 569488  Y 433661
X 576771  Y 426181
X 564960  Y 404724
X 573031  Y 399370
X 562992  Y 397637
X 610236  Y 397637
X 594488  Y 397834
X 593503  Y 422244
X 590551  Y 448818
X 587598  Y 451771
X 590551  Y 454724
X 601377  Y 481299
X 606299  Y 486220
X 606496  Y 492125
X 610236  Y 509842
X 595472  Y 509842
X 594488  Y 586614
X 633858  Y 586614
X 614173  Y 586614
X 625000  Y 583070
X 628937  Y 583070
X 627952  Y 573425
X 627952  Y 549409
X 621062  Y 478346
X 623031  Y 441929
X 613188  Y 441929
X 629921  Y 414173
X 629724  Y 397637
X 659251  Y 402755
X 657480  Y 407480
X 657480  Y 423228
X 649606  Y 423228
X 649606  Y 458661
X 657480  Y 458661
X 640748  Y 458661
X 647834  Y 466338
X 641732  Y 472440
X 659251  Y 478149
X 643700  Y 488188
X 639763  Y 499015
X 645669  Y 499015
X 639763  Y 502952
X 645669  Y 502952
X 639763  Y 506889
X 645078  Y 535826
X 658858  Y 539960
X 637795  Y 542716
X 638385  Y 546259
X 650196  Y 550393
X 640157  Y 550393
X 656496  Y 560236
X 645275  Y 571456
X 650196  Y 571456
X 653543  Y 586614
X 673228  Y 586614
X 672834  Y 583070
X 664173  Y 557480
X 672047  Y 557283
X 679921  Y 557086
X 675590  Y 534842
X 680118  Y 493110
X 665354  Y 478149
X 665354  Y 473425
X 685039  Y 468897
X 665354  Y 468110
X 675787  Y 461220
X 669291  Y 458661
X 685039  Y 457480
X 669291  Y 423228
X 685236  Y 421850
X 676771  Y 418110
X 665354  Y 412204
X 685236  Y 410039
X 665354  Y 407480
X 665354  Y 402755
X 683070  Y 397637
X 661417  Y 397440
X 698818  Y 402952
X 707480  Y 419094
X 702755  Y 419291
X 696850  Y 419291
X 708661  Y 425196
X 702755  Y 425196
X 696850  Y 430118
X 702755  Y 431102
X 708661  Y 431102
X 706692  Y 448818
X 700787  Y 448818
X 696653  Y 449212
X 700787  Y 454724
X 706692  Y 454724
X 700787  Y 460629
X 706692  Y 460629
X 688976  Y 480314
X 700787  Y 480314
X 688976  Y 492125
X 700787  Y 492125
X 692913  Y 535433
X 690157  Y 539370
X 687795  Y 557283
X 703543  Y 557283
X 708661  Y 558661
X 692519  Y 559055
X 708661  Y 576377
X 688188  Y 583070
X 704330  Y 583070
X 692913  Y 586614
X 718503  Y 586614
X 719685  Y 583070
X 735039  Y 583070
X 724409  Y 557086
X 719291  Y 557086
X 735236  Y 557086
X 723425  Y 539960
X 710629  Y 492125
X 729330  Y 492125
X 724409  Y 480314
X 712598  Y 480314
X 721259  Y 465354
X 730236  Y 464055
X 726181  Y 463661
X 730511  Y 460433
X 721259  Y 455905
X 730433  Y 455314
X 711811  Y 451968
X 730511  Y 451771
X 711614  Y 447007
X 715748  Y 446062
X 723425  Y 443897
X 727362  Y 443897
X 731299  Y 443897
X 723425  Y 439960
X 731299  Y 439960
X 727362  Y 439960
X 723425  Y 436023
X 727362  Y 436023
X 731299  Y 436023
X 715944  Y 433464
X 712125  Y 433307
X 725590  Y 428346
X 712007  Y 427952
X 734251  Y 427165
X 721456  Y 424212
X 721456  Y 414173
X 724409  Y 397637
X 748031  Y 397637
X 757874  Y 419291
X 752952  Y 419291
X 746062  Y 419291
X 757874  Y 423228
X 752952  Y 423228
X 746062  Y 425196
X 738188  Y 429133
X 742125  Y 429133
X 745669  Y 432283
X 746181  Y 438582
X 749921  Y 438818
X 753267  Y 440669
X 745433  Y 445826
X 744094  Y 450787
X 738188  Y 450787
X 755905  Y 452755
X 738188  Y 454724
X 750000  Y 454724
X 744094  Y 454724
X 750000  Y 458661
X 744094  Y 458661
X 746062  Y 462598
X 736220  Y 463779
X 740157  Y 471456
X 749803  Y 476102
X 746850  Y 480905
X 753740  Y 488188
X 752952  Y 492913
X 753149  Y 498031
X 753149  Y 502952
X 746259  Y 513582
X 749803  Y 513582
X 753346  Y 514566
X 743503  Y 517716
X 754330  Y 519685
X 759645  Y 523818
X 739370  Y 525196
X 736220  Y 534448
X 752559  Y 539960
X 737007  Y 539960
X 758858  Y 541929
X 740157  Y 586614
X 777559  Y 558464
X 769685  Y 543897
X 779724  Y 543897
X 774606  Y 543897
X 764763  Y 543700
X 783858  Y 542913
X 783464  Y 538779
X 781889  Y 533464
X 769685  Y 532874
X 775984  Y 532874
X 779133  Y 531102
X 772834  Y 530314
X 781496  Y 518700
X 764370  Y 515354
X 781496  Y 511811
X 781496  Y 504921
X 764566  Y 502755
X 769685  Y 496456
X 764370  Y 485826
X 770472  Y 477952
X 781496  Y 453740
X 777559  Y 448818
X 773425  Y 448818
X 777559  Y 429133
X 777559  Y 415354
X 777559  Y 397440
X 801377  Y 397637
X 801181  Y 415354
X 801181  Y 429133
X 801181  Y 444881
X 788582  Y 448031
X 801181  Y 453740
X 791338  Y 455708
X 791338  Y 461614
X 792322  Y 476771
X 802165  Y 476771
X 797244  Y 476771
X 785433  Y 482480
X 788779  Y 486811
X 801181  Y 487795
X 810039  Y 489960
X 793897  Y 490551
X 800393  Y 494094
X 795275  Y 504921
X 788385  Y 504921
X 795275  Y 511811
X 788385  Y 511811
X 809448  Y 515748
X 795275  Y 518700
X 788385  Y 518700
X 802165  Y 528937
X 805314  Y 532086
X 790551  Y 535236
X 808267  Y 536614
X 800984  Y 538582
X 790551  Y 538976
X 797244  Y 544881
X 787007  Y 550196
X 809251  Y 560629
X 799212  Y 580708
X 833858  Y 576771
X 817913  Y 557086
X 812992  Y 554724
X 833661  Y 554133
X 812795  Y 542322
X 817913  Y 519881
X 830905  Y 515354
X 834645  Y 515354
X 823425  Y 515354
X 827165  Y 515354
X 833464  Y 504724
X 820472  Y 500393
X 820472  Y 496653
X 814960  Y 489960
X 817519  Y 486417
X 817519  Y 481299
X 832283  Y 476181
X 814566  Y 463385
X 830708  Y 444881
X 814960  Y 444881
X 830708  Y 429133
X 814960  Y 429133
X 830708  Y 413385
X 814960  Y 413385
X 816338  Y 401771
X 814960  Y 397637
X 830708  Y 397637
X 846456  Y 397637
X 862204  Y 397637
X 846456  Y 413385
X 862204  Y 413385
X 841732  Y 542322
X 857874  Y 566929
X 838582  Y 566929
X 862204  Y 570866
X 857480  Y 572834
X 857283  Y 584842
X 862204  Y 586614

Drill: .02559  Tool: 2  Feed: 197  Speed: 550
X 784291  Y 570334
X 784291  Y 575334
X 789291  Y 575334
X 794291  Y 575334
X 799291  Y 575334
X 804291  Y 575334
X 799291  Y 570334
X 794291  Y 570334
X 804291  Y 570334
X 789291  Y 570334

Drill: .03543  Tool: 3  Feed: 197  Speed: 550
X 452755  Y 454724
X 452755  Y 543307
X 522401  Y 427244
X 552401  Y 427244
X 552401  Y 417244
X 522401  Y 417244

Drill: .03937  Tool: 4  Feed: 197  Speed: 550
X 420354  Y 477125
X 410354  Y 477125
X 410354  Y 487125
X 420354  Y 487125
X 410354  Y 497125
X 420354  Y 497125
X 420354  Y 507125
X 410354  Y 507125
X 670669  Y 446456
X 680669  Y 446456
X 670669  Y 433661
X 680669  Y 433661
X 773622  Y 469488
X 783622  Y 469488
X 857362  Y 557125
X 847362  Y 557125
X 857362  Y 547125
X 847362  Y 547125
X 857362  Y 537125
X 847362  Y 537125
X 857362  Y 527125
X 847362  Y 527125
X 857362  Y 517125
X 847362  Y 517125
X 857362  Y 507125
X 847362  Y 507125
X 857362  Y 497125
X 847362  Y 497125
X 857362  Y 487125
X 847362  Y 487125
X 857362  Y 477125
X 847362  Y 477125
X 806102  Y 469488
X 796102  Y 469488
X 857362  Y 467125
X 847362  Y 467125
X 857362  Y 457125
X 847362  Y 457125
X 857362  Y 447125
X 847362  Y 447125
X 857362  Y 437125
X 847362  Y 437125
X 857362  Y 427125
X 847362  Y 427125

Drill: .044  Tool: 5  Feed: 139  Speed: 550
X 506889  Y 468503
X 506889  Y 498030
X 546259  Y 498030
X 546259  Y 468503
X 583779  Y 412440
X 689960  Y 402559
X 608267  Y 563976
X 744094  Y 572834
X 730314  Y 537401
X 714566  Y 537401
X 724409  Y 519685
X 724409  Y 507874
X 732283  Y 498031
X 744094  Y 498031
X 732283  Y 486220
X 744094  Y 486220
X 713779  Y 402559
X 838582  Y 405118

Drill: .12598  Tool: 6  Feed: 35  Speed: 794
X 413385  Y 413385
X 413385  Y 570866

End of Listing
