[Header]
14:00:37.727 INFO  [1] StPowerLine.App-> ST-PowerLineGui STARTUP
14:00:38.414 INFO  [1] Plugin.Common.PluginBase-> ST_G3_Node_Plugin - 21.4.21.1521 - Paolo Treffiletti
14:00:38.417 INFO  [1] ST_G3.Plugin.GUI.ServiceLayer-> ST_G3 Service Layer Initialization...
14:00:38.417 INFO  [1] ST_G3.Plugin.GUI.ServiceLayer-> Using timers based on a high-resolution performance counter
14:00:38.417 INFO  [1] ST_G3.Plugin.GUI.ServiceLayer-> Stopwatch timer FREQUENCY 10000000 (tick/s)
14:00:38.417 INFO  [1] ST_G3.Plugin.GUI.ServiceLayer-> Stopwatch timer is accurate within 100 ns
14:00:45.914 INFO  [1] ST_G3.Service.NodeInterface.NodeIf-> Node ID: 1 Port: COM1 - New NodeIf created
14:00:45.916 INFO  [1] ST_G3.Plugin.GUI.ServiceLayer-> Added node: Id=1
14:00:47.770 INFO  [1] ST_G3.Service.NodeInterface.NodeIf-> Node ID: 1 Port: COM10 - Open Serial Port COM10
14:00:47.776 INFO  [1] ST_G3.Service.NodeInterface.NodeIf-> Node ID: 1 Port: COM10 - Start Background Worker
14:00:47.778 DEBUG [10] ST_G3.Service.NodeInterface.NodeIf-> Node ID: 1 Port: COM10 - Background Worker Enter Thread
14:00:53.591 INFO  [1] ST_G3.Service.NodeInterface.NodeIf-> Node ID: 1 Port: COM10 - G3LIB-SWRESET.Request
14:00:53.608 DEBUG [1] ST_G3.Service.NodeInterface.NodeIf-> Node ID: 1 Port: COM10 - Send Message [14:00:53.607]G3LIB-SWRESET.Request: 16 16 24 03 00 00 00 00 00 00 03 02 00 71 D0
14:00:53.707 DEBUG [1] ST_G3.Service.NodeInterface.NodeIf-> Node ID: 1 Port: COM10 - Receive Message [14:00:53.623]G3LIB-SWRESET.Confirm
14:00:58.024 INFO  [1] ST_G3.Service.NodeInterface.NodeIf-> Node ID: 1 Port: COM10 - G3LIB-SWRESET.Request
14:00:58.024 DEBUG [1] ST_G3.Service.NodeInterface.NodeIf-> Node ID: 1 Port: COM10 - Send Message [14:00:58.024]G3LIB-SWRESET.Request: 16 16 24 03 00 00 00 00 00 00 03 00 00 13 B6
14:00:58.111 DEBUG [1] ST_G3.Service.NodeInterface.NodeIf-> Node ID: 1 Port: COM10 - Receive Message [14:00:58.111]G3LIB-SWRESET.Confirm
14:01:08.953 INFO  [1] ST_G3.Service.NodeInterface.NodeIf-> Node ID: 1 Port: COM10 - G3LIB-SWRESET.Request
14:01:08.953 DEBUG [1] ST_G3.Service.NodeInterface.NodeIf-> Node ID: 1 Port: COM10 - Send Message [14:01:08.953]G3LIB-SWRESET.Request: 16 16 24 03 00 00 00 00 00 00 03 01 00 22 85
14:01:09.038 DEBUG [1] ST_G3.Service.NodeInterface.NodeIf-> Node ID: 1 Port: COM10 - Receive Message [14:01:09.038]G3LIB-SWRESET.Confirm
14:01:16.641 INFO  [1] ST_G3.Service.NodeInterface.NodeIf-> Node ID: 1 Port: COM10 - PLME_SET_TRX_STATE.Request
14:01:16.641 DEBUG [1] ST_G3.Service.NodeInterface.NodeIf-> Node ID: 1 Port: COM10 - Send Message [14:01:16.641]G3PHY-SETTRXSTATE.Request: 16 16 4A 01 00 00 00 00 00 00 09 5B 25
14:01:16.646 DEBUG [1] ST_G3.Service.NodeInterface.NodeIf-> Node ID: 1 Port: COM10 - Receive Message [14:01:16.646]G3PHY-SETTRXSTATE.Confirm
14:01:20.899 INFO  [1] ST_G3.Service.NodeInterface.NodeIf-> Node ID: 1 Port: COM10 - PD_DATA.Request
14:01:20.902 DEBUG [1] ST_G3.Service.NodeInterface.NodeIf-> Node ID: 1 Port: COM10 - Send Message [14:01:20.901]G3PHY-DATA.Request: 16 16 40 22 02 00 00 00 00 00 20 00 00 00 00 00 00 00 00 00 00 00 00 00 00 00 00 00 00 00 00 00 00 00 00 00 00 FF FF FF 00 01 00 02 F5 6F DC 6C 4C 0C 1A 29 60 D4 87 4D CC ED 57 79 DE C2 CA D7 EB 9D F1 32 0B EF 0C 1C 7F 85 8C 73 27 6D F2 A9 9E CE 04 0D 64 71 46 FC AC 4F 1D 2A 5D 42 84 4A 69 E9 2D 58 7D A9 61 5C 00 FE A9 DA 48 14 25 5F FA AD DB 10 BD BC 73 7A 57 F5 86 BB D2 E1 BF 3C 00 42 0A 3E 3F 9A 2C F5 6D A8 0D 66 C7 6B B3 98 29 BE 2F AF 67 74 8C AC 76 B3 01 88 23 A5 8A 1E 3E 6D DA 05 0A E7 1F 60 81 E5 A2 15 AE 0D B3 EC 41 EE 91 13 B2 0F D5 8C B6 5D C7 8C 99 A3 D2 C7 1D EF 27 5A 91 AD 8E 42 9E CF 2E 81 D1 76 FD 69 00 15 46 34 13 76 6C 2F 97 4D 4F AC 1F 93 C7 DD 13 DB F8 BF E5 58 5A 93 5F 4F 75 E3 E0 53 BB 3F 5F 5E 8C 84 5D 9D B3 A6 83 F7 C2 43 5E E1 22 0B 08 50 6E F6 7E 3D 83 A7 BA B2 D4 C4 01 88 4E 44 91 0F 4C C0 06 43 7F 76 27 51 3C EE 96 17 35 7E 2C 69 DB 8F E5 C5 C1 21 DB E5 CA AB C8 EF A5 FA A8 7D B2 4E 94 62 04 C4 D0 F7 CE 2C 01 95 10 A3 7C 56 98 97 AD BE 5F CC 4E 2B E5 21 78 D4 AE 38 AC 42 45 18 65 E7 E9 CA 64 16 BE ED F6 94 20 45 D4 27 2E 71 57 0D 4C EA 1E E5 FF 69 7C E3 4C FC 49 96 80 BE 50 F8 3E 95 6C CD 33 97 FF 71 D5 B9 0A 9F 4D 51 A5 3C E1 9E F6 5B FA 7F E7 80 4E 81 CA C2 A4 60 13 62 F5 DB E9 99 05 89 DA B4 EA AD 0F 46 5F DC 96 FA 56 0C B5 E2 C7 F4 FE BE AD EB 7F B1 CD 3D CC 75 A6 A8 A9 71 68 0C 37 57 C4 42 70 4C 6F A1 21 71 EA CF 6C 98 AA 31 9A 00 DD 2A EC 19 09 28 E6 AD E0 99 9F B7 32 25 91 49 D5 5D 1E 85 84 B1 4E 0B CA 0E C7 FE D0 34 CB 74 0D A8 93 3E 20 1E 4D 9B 5B C3 6B D6 01 6A 3E C5 3E 22 C2 4C 13 14 7C 2C DB E0 4E FB 61 E8 DC AC CE 2B A9 89 91 53 29 B7 10 82 29 C0 45 78 09 60 CF 01 BF AE 71 7E 61 F9 2C 67 62 3F CF 52 DF A8
14:01:20.957 DEBUG [1] ST_G3.Service.NodeInterface.NodeIf-> Node ID: 1 Port: COM10 - Receive Message [14:01:20.954]G3PHY-DATA.Confirm
14:01:28.580 INFO  [1] ST_G3.Service.NodeInterface.NodeIf-> Node ID: 1 Port: COM10 - PD_DATA.Request
14:01:28.580 DEBUG [1] ST_G3.Service.NodeInterface.NodeIf-> Node ID: 1 Port: COM10 - Send Message [14:01:28.580]G3PHY-DATA.Request: 16 16 40 A2 00 00 00 00 00 00 20 00 00 00 00 00 00 00 00 00 00 00 00 00 00 00 00 00 00 00 00 00 00 00 00 00 00 FF FF FF 00 01 80 00 8D A6 60 9A C2 A1 57 6C AD F5 FA 67 B8 1A 8C B8 B3 86 D9 08 94 92 E8 70 DC A8 07 E4 57 FF BE D4 81 A5 39 81 2A 8A B5 E9 24 9F 5A 64 A9 09 46 A5 74 B5 4D 2D 1A A2 D5 FA BD F0 BD 1A 9A 73 15 AE 37 25 E6 13 E0 0B 8E 29 D1 F0 E3 F5 38 84 C7 D3 61 61 6F A1 B1 90 BA DE D0 3E C3 3A CC 9A 4F B1 8A AB 2C 83 23 33 C5 69 27 23 5C 29 BE E0 C2 38 29 EA B8 39 03 73 FC A6 6B 07 42 A1 47 53 5C 36 80 35
14:01:28.664 DEBUG [1] ST_G3.Service.NodeInterface.NodeIf-> Node ID: 1 Port: COM10 - Receive Message [14:01:28.632]G3PHY-DATA.Confirm
14:01:31.555 INFO  [1] ST_G3.Service.NodeInterface.NodeIf-> Node ID: 1 Port: COM10 - HI_TEST_SET_DR_PHY.Request
14:01:31.557 DEBUG [1] ST_G3.Service.NodeInterface.NodeIf-> Node ID: 1 Port: COM10 - Send Message [14:01:31.557]HOSTIF-TESTSET.Request: 16 16 0A AD 00 00 00 00 00 00 01 00 00 00 00 00 00 00 00 00 00 20 00 00 00 00 00 00 00 00 00 00 00 00 00 00 00 00 00 00 00 00 00 00 00 00 00 00 FF FF FF 00 01 80 00 8D A6 60 9A C2 A1 57 6C AD F5 FA 67 B8 1A 8C B8 B3 86 D9 08 94 92 E8 70 DC A8 07 E4 57 FF BE D4 81 A5 39 81 2A 8A B5 E9 24 9F 5A 64 A9 09 46 A5 74 B5 4D 2D 1A A2 D5 FA BD F0 BD 1A 9A 73 15 AE 37 25 E6 13 E0 0B 8E 29 D1 F0 E3 F5 38 84 C7 D3 61 61 6F A1 B1 90 BA DE D0 3E C3 3A CC 9A 4F B1 8A AB 2C 83 23 33 C5 69 27 23 5C 29 BE E0 C2 38 29 EA B8 39 03 73 FC A6 6B 07 42 A1 47 53 5C 36 A2 DD
14:01:31.576 DEBUG [1] ST_G3.Service.NodeInterface.NodeIf-> Node ID: 1 Port: COM10 - Receive Message [14:01:31.576]HOSTIF-TESTSET.Confirm
14:01:36.408 INFO  [1] ST_G3.Service.NodeInterface.NodeIf-> Node ID: 1 Port: COM10 - HI_TEST_SET_DR_PHY.Request
14:01:36.408 DEBUG [1] ST_G3.Service.NodeInterface.NodeIf-> Node ID: 1 Port: COM10 - Send Message [14:01:36.408]HOSTIF-TESTSET.Request: 16 16 0A AD 00 00 00 00 00 00 01 00 00 10 00 00 00 00 00 00 00 20 00 00 00 00 00 00 00 00 00 00 00 00 00 00 00 00 00 00 00 00 00 00 00 00 00 00 FF FF FF 00 01 80 00 8D A6 60 9A C2 A1 57 6C AD F5 FA 67 B8 1A 8C B8 B3 86 D9 08 94 92 E8 70 DC A8 07 E4 57 FF BE D4 81 A5 39 81 2A 8A B5 E9 24 9F 5A 64 A9 09 46 A5 74 B5 4D 2D 1A A2 D5 FA BD F0 BD 1A 9A 73 15 AE 37 25 E6 13 E0 0B 8E 29 D1 F0 E3 F5 38 84 C7 D3 61 61 6F A1 B1 90 BA DE D0 3E C3 3A CC 9A 4F B1 8A AB 2C 83 23 33 C5 69 27 23 5C 29 BE E0 C2 38 29 EA B8 39 03 73 FC A6 6B 07 42 A1 47 53 5C 36 08 C8
14:01:36.438 DEBUG [1] ST_G3.Service.NodeInterface.NodeIf-> Node ID: 1 Port: COM10 - Receive Message [14:01:36.425]HOSTIF-TESTSET.Confirm
14:01:41.648 INFO  [1] ST_G3.Service.NodeInterface.NodeIf-> Node ID: 1 Port: COM10 - HI_TEST_SET_DR_PHY.Request
14:01:41.648 DEBUG [1] ST_G3.Service.NodeInterface.NodeIf-> Node ID: 1 Port: COM10 - Send Message [14:01:41.648]HOSTIF-TESTSET.Request: 16 16 0A AD 00 00 00 00 00 00 01 00 00 10 00 00 00 01 00 00 00 20 00 00 00 00 00 00 00 00 00 00 00 00 00 00 00 00 00 00 00 00 00 00 00 00 00 00 FF FF FF 00 01 80 00 8D A6 60 9A C2 A1 57 6C AD F5 FA 67 B8 1A 8C B8 B3 86 D9 08 94 92 E8 70 DC A8 07 E4 57 FF BE D4 81 A5 39 81 2A 8A B5 E9 24 9F 5A 64 A9 09 46 A5 74 B5 4D 2D 1A A2 D5 FA BD F0 BD 1A 9A 73 15 AE 37 25 E6 13 E0 0B 8E 29 D1 F0 E3 F5 38 84 C7 D3 61 61 6F A1 B1 90 BA DE D0 3E C3 3A CC 9A 4F B1 8A AB 2C 83 23 33 C5 69 27 23 5C 29 BE E0 C2 38 29 EA B8 39 03 73 FC A6 6B 07 42 A1 47 53 5C 36 32 F0
14:01:41.677 DEBUG [1] ST_G3.Service.NodeInterface.NodeIf-> Node ID: 1 Port: COM10 - Receive Message [14:01:41.666]HOSTIF-TESTSET.Confirm
14:01:45.555 INFO  [1] ST_G3.Service.NodeInterface.NodeIf-> Node ID: 1 Port: COM10 - HI_TEST_SET_DR_PHY.Request
14:01:45.555 DEBUG [1] ST_G3.Service.NodeInterface.NodeIf-> Node ID: 1 Port: COM10 - Send Message [14:01:45.555]HOSTIF-TESTSET.Request: 16 16 0A AD 00 00 00 00 00 00 01 00 00 10 00 00 00 64 00 00 00 20 00 00 00 00 00 00 00 00 00 00 00 00 00 00 00 00 00 00 00 00 00 00 00 00 00 00 FF FF FF 00 01 80 00 8D A6 60 9A C2 A1 57 6C AD F5 FA 67 B8 1A 8C B8 B3 86 D9 08 94 92 E8 70 DC A8 07 E4 57 FF BE D4 81 A5 39 81 2A 8A B5 E9 24 9F 5A 64 A9 09 46 A5 74 B5 4D 2D 1A A2 D5 FA BD F0 BD 1A 9A 73 15 AE 37 25 E6 13 E0 0B 8E 29 D1 F0 E3 F5 38 84 C7 D3 61 61 6F A1 B1 90 BA DE D0 3E C3 3A CC 9A 4F B1 8A AB 2C 83 23 33 C5 69 27 23 5C 29 BE E0 C2 38 29 EA B8 39 03 73 FC A6 6B 07 42 A1 47 53 5C 36 09 B0
14:01:45.583 DEBUG [1] ST_G3.Service.NodeInterface.NodeIf-> Node ID: 1 Port: COM10 - Receive Message [14:01:45.573]HOSTIF-TESTSET.Confirm
14:01:54.075 INFO  [1] ST_G3.Service.NodeInterface.NodeIf-> Node ID: 1 Port: COM10 - G3LIB-SWRESET.Request
14:01:54.076 DEBUG [1] ST_G3.Service.NodeInterface.NodeIf-> Node ID: 1 Port: COM10 - Send Message [14:01:54.076]G3LIB-SWRESET.Request: 16 16 24 03 00 00 00 00 00 00 03 02 00 71 D0
14:01:54.089 DEBUG [1] ST_G3.Service.NodeInterface.NodeIf-> Node ID: 1 Port: COM10 - Receive Message [14:01:54.079]G3LIB-SWRESET.Confirm
14:01:58.726 INFO  [1] ST_G3.Service.NodeInterface.NodeIf-> Node ID: 1 Port: COM10 - G3LIB-SWRESET.Request
14:01:58.726 DEBUG [1] ST_G3.Service.NodeInterface.NodeIf-> Node ID: 1 Port: COM10 - Send Message [14:01:58.726]G3LIB-SWRESET.Request: 16 16 24 03 00 00 00 00 00 00 03 00 00 13 B6
14:01:58.812 DEBUG [1] ST_G3.Service.NodeInterface.NodeIf-> Node ID: 1 Port: COM10 - Receive Message [14:01:58.812]G3LIB-SWRESET.Confirm
14:02:08.609 INFO  [1] ST_G3.Service.NodeInterface.NodeIf-> Node ID: 1 Port: COM10 - PLME_SET_TRX_STATE.Request
14:02:08.609 DEBUG [1] ST_G3.Service.NodeInterface.NodeIf-> Node ID: 1 Port: COM10 - Send Message [14:02:08.609]G3PHY-SETTRXSTATE.Request: 16 16 4A 01 00 00 00 00 00 00 09 5B 25
14:02:08.627 DEBUG [1] ST_G3.Service.NodeInterface.NodeIf-> Node ID: 1 Port: COM10 - Receive Message [14:02:08.612]G3PHY-SETTRXSTATE.Confirm
14:02:10.569 INFO  [1] ST_G3.Service.NodeInterface.NodeIf-> Node ID: 1 Port: COM10 - PD_DATA.Request
14:02:10.569 DEBUG [1] ST_G3.Service.NodeInterface.NodeIf-> Node ID: 1 Port: COM10 - Send Message [14:02:10.569]G3PHY-DATA.Request: 16 16 40 A2 00 00 00 00 00 00 20 00 00 00 00 00 00 00 00 00 00 00 00 00 00 00 00 00 00 00 00 00 00 00 00 00 00 FF FF FF 00 01 80 00 8D A6 60 9A C2 A1 57 6C AD F5 FA 67 B8 1A 8C B8 B3 86 D9 08 94 92 E8 70 DC A8 07 E4 57 FF BE D4 81 A5 39 81 2A 8A B5 E9 24 9F 5A 64 A9 09 46 A5 74 B5 4D 2D 1A A2 D5 FA BD F0 BD 1A 9A 73 15 AE 37 25 E6 13 E0 0B 8E 29 D1 F0 E3 F5 38 84 C7 D3 61 61 6F A1 B1 90 BA DE D0 3E C3 3A CC 9A 4F B1 8A AB 2C 83 23 33 C5 69 27 23 5C 29 BE E0 C2 38 29 EA B8 39 03 73 FC A6 6B 07 42 A1 47 53 5C 36 80 35
14:02:10.620 DEBUG [1] ST_G3.Service.NodeInterface.NodeIf-> Node ID: 1 Port: COM10 - Receive Message [14:02:10.620]G3PHY-DATA.Confirm
14:02:12.169 INFO  [1] ST_G3.Service.NodeInterface.NodeIf-> Node ID: 1 Port: COM10 - HI_TEST_SET_DR_PHY.Request
14:02:12.170 DEBUG [1] ST_G3.Service.NodeInterface.NodeIf-> Node ID: 1 Port: COM10 - Send Message [14:02:12.169]HOSTIF-TESTSET.Request: 16 16 0A AD 00 00 00 00 00 00 01 00 00 10 00 00 00 64 00 00 00 20 00 00 00 00 00 00 00 00 00 00 00 00 00 00 00 00 00 00 00 00 00 00 00 00 00 00 FF FF FF 00 01 80 00 8D A6 60 9A C2 A1 57 6C AD F5 FA 67 B8 1A 8C B8 B3 86 D9 08 94 92 E8 70 DC A8 07 E4 57 FF BE D4 81 A5 39 81 2A 8A B5 E9 24 9F 5A 64 A9 09 46 A5 74 B5 4D 2D 1A A2 D5 FA BD F0 BD 1A 9A 73 15 AE 37 25 E6 13 E0 0B 8E 29 D1 F0 E3 F5 38 84 C7 D3 61 61 6F A1 B1 90 BA DE D0 3E C3 3A CC 9A 4F B1 8A AB 2C 83 23 33 C5 69 27 23 5C 29 BE E0 C2 38 29 EA B8 39 03 73 FC A6 6B 07 42 A1 47 53 5C 36 09 B0
14:02:12.199 DEBUG [1] ST_G3.Service.NodeInterface.NodeIf-> Node ID: 1 Port: COM10 - Receive Message [14:02:12.188]HOSTIF-TESTSET.Confirm
14:02:21.186 INFO  [1] ST_G3.Service.NodeInterface.NodeIf-> Node ID: 1 Port: COM10 - HI_TEST_SET_DR_PHY.Request
14:02:21.186 DEBUG [1] ST_G3.Service.NodeInterface.NodeIf-> Node ID: 1 Port: COM10 - Send Message [14:02:21.186]HOSTIF-TESTSET.Request: 16 16 0A AD 00 00 00 00 00 00 01 00 00 FF 0F 00 00 64 00 00 00 20 00 00 00 00 00 00 00 00 00 00 00 00 00 00 00 00 00 00 00 00 00 00 00 00 00 00 FF FF FF 00 01 80 00 8D A6 60 9A C2 A1 57 6C AD F5 FA 67 B8 1A 8C B8 B3 86 D9 08 94 92 E8 70 DC A8 07 E4 57 FF BE D4 81 A5 39 81 2A 8A B5 E9 24 9F 5A 64 A9 09 46 A5 74 B5 4D 2D 1A A2 D5 FA BD F0 BD 1A 9A 73 15 AE 37 25 E6 13 E0 0B 8E 29 D1 F0 E3 F5 38 84 C7 D3 61 61 6F A1 B1 90 BA DE D0 3E C3 3A CC 9A 4F B1 8A AB 2C 83 23 33 C5 69 27 23 5C 29 BE E0 C2 38 29 EA B8 39 03 73 FC A6 6B 07 42 A1 47 53 5C 36 48 DB
14:02:21.218 DEBUG [1] ST_G3.Service.NodeInterface.NodeIf-> Node ID: 1 Port: COM10 - Receive Message [14:02:21.204]HOSTIF-TESTSET.Confirm
14:02:23.469 INFO  [1] ST_G3.Service.NodeInterface.NodeIf-> Node ID: 1 Port: COM10 - HI_TEST_SET_DR_PHY.Request
14:02:23.469 DEBUG [1] ST_G3.Service.NodeInterface.NodeIf-> Node ID: 1 Port: COM10 - Send Message [14:02:23.469]HOSTIF-TESTSET.Request: 16 16 0A AD 00 00 00 00 00 00 01 00 01 FF 0F 00 00 64 00 00 00 20 00 00 00 00 00 00 00 00 00 00 00 00 00 00 00 00 00 00 00 00 00 00 00 00 00 00 FF FF FF 00 01 80 00 8D A6 60 9A C2 A1 57 6C AD F5 FA 67 B8 1A 8C B8 B3 86 D9 08 94 92 E8 70 DC A8 07 E4 57 FF BE D4 81 A5 39 81 2A 8A B5 E9 24 9F 5A 64 A9 09 46 A5 74 B5 4D 2D 1A A2 D5 FA BD F0 BD 1A 9A 73 15 AE 37 25 E6 13 E0 0B 8E 29 D1 F0 E3 F5 38 84 C7 D3 61 61 6F A1 B1 90 BA DE D0 3E C3 3A CC 9A 4F B1 8A AB 2C 83 23 33 C5 69 27 23 5C 29 BE E0 C2 38 29 EA B8 39 03 73 FC A6 6B 07 42 A1 47 53 5C 36 C9 91
14:02:23.499 DEBUG [1] ST_G3.Service.NodeInterface.NodeIf-> Node ID: 1 Port: COM10 - Receive Message [14:02:23.488]HOSTIF-TESTSET.Confirm
14:02:26.662 INFO  [1] ST_G3.Service.NodeInterface.NodeIf-> Node ID: 1 Port: COM10 - HI-TEST-SET.Request
14:02:26.662 DEBUG [1] ST_G3.Service.NodeInterface.NodeIf-> Node ID: 1 Port: COM10 - Send Message [14:02:26.662]HOSTIF-TESTSET.Request: 16 16 0A 01 00 00 00 00 00 00 00 AB EB
14:02:26.700 DEBUG [1] ST_G3.Service.NodeInterface.NodeIf-> Node ID: 1 Port: COM10 - Receive Message [14:02:26.665]HOSTIF-TESTSET.Confirm
14:02:27.318 INFO  [1] ST_G3.Service.NodeInterface.NodeIf-> Node ID: 1 Port: COM10 - HI_TEST_SET_DR_PHY.Request
14:02:27.318 DEBUG [1] ST_G3.Service.NodeInterface.NodeIf-> Node ID: 1 Port: COM10 - Send Message [14:02:27.318]HOSTIF-TESTSET.Request: 16 16 0A AD 00 00 00 00 00 00 01 00 01 FF 0F 00 00 64 00 00 00 20 00 00 00 00 00 00 00 00 00 00 00 00 00 00 00 00 00 00 00 00 00 00 00 00 00 00 FF FF FF 00 01 80 00 8D A6 60 9A C2 A1 57 6C AD F5 FA 67 B8 1A 8C B8 B3 86 D9 08 94 92 E8 70 DC A8 07 E4 57 FF BE D4 81 A5 39 81 2A 8A B5 E9 24 9F 5A 64 A9 09 46 A5 74 B5 4D 2D 1A A2 D5 FA BD F0 BD 1A 9A 73 15 AE 37 25 E6 13 E0 0B 8E 29 D1 F0 E3 F5 38 84 C7 D3 61 61 6F A1 B1 90 BA DE D0 3E C3 3A CC 9A 4F B1 8A AB 2C 83 23 33 C5 69 27 23 5C 29 BE E0 C2 38 29 EA B8 39 03 73 FC A6 6B 07 42 A1 47 53 5C 36 C9 91
14:02:27.348 DEBUG [1] ST_G3.Service.NodeInterface.NodeIf-> Node ID: 1 Port: COM10 - Receive Message [14:02:27.336]HOSTIF-TESTSET.Confirm
14:02:31.748 INFO  [1] ST_G3.Service.NodeInterface.NodeIf-> Node ID: 1 Port: COM10 - HI_TEST_SET_DR_PHY.Request
14:02:31.748 DEBUG [1] ST_G3.Service.NodeInterface.NodeIf-> Node ID: 1 Port: COM10 - Send Message [14:02:31.748]HOSTIF-TESTSET.Request: 16 16 0A AD 00 00 00 00 00 00 01 00 01 FF 0F 00 00 64 00 00 00 20 00 00 00 00 00 00 00 00 00 00 00 00 00 00 00 00 00 00 00 00 00 00 00 00 00 00 FF FF FF 00 01 80 00 8D A6 60 9A C2 A1 57 6C AD F5 FA 67 B8 1A 8C B8 B3 86 D9 08 94 92 E8 70 DC A8 07 E4 57 FF BE D4 81 A5 39 81 2A 8A B5 E9 24 9F 5A 64 A9 09 46 A5 74 B5 4D 2D 1A A2 D5 FA BD F0 BD 1A 9A 73 15 AE 37 25 E6 13 E0 0B 8E 29 D1 F0 E3 F5 38 84 C7 D3 61 61 6F A1 B1 90 BA DE D0 3E C3 3A CC 9A 4F B1 8A AB 2C 83 23 33 C5 69 27 23 5C 29 BE E0 C2 38 29 EA B8 39 03 73 FC A6 6B 07 42 A1 47 53 5C 36 C9 91
14:02:31.779 DEBUG [1] ST_G3.Service.NodeInterface.NodeIf-> Node ID: 1 Port: COM10 - Receive Message [14:02:31.766]HOSTIF-TESTSET.Confirm
14:02:33.693 INFO  [1] ST_G3.Service.NodeInterface.NodeIf-> Node ID: 1 Port: COM10 - HI-TEST-SET.Request
14:02:33.693 DEBUG [1] ST_G3.Service.NodeInterface.NodeIf-> Node ID: 1 Port: COM10 - Send Message [14:02:33.693]HOSTIF-TESTSET.Request: 16 16 0A 01 00 00 00 00 00 00 00 AB EB
14:02:33.707 DEBUG [1] ST_G3.Service.NodeInterface.NodeIf-> Node ID: 1 Port: COM10 - Receive Message [14:02:33.696]HOSTIF-TESTSET.Confirm
14:02:35.253 INFO  [1] StPowerLine.App-> ST-PowerLineGui EXIT
[Footer]
