[Header]
09:28:53.871 INFO  [1] StPowerLine.App-> ST-PowerLineGui STARTUP
09:28:54.183 INFO  [1] Plugin.Common.PluginBase-> ST_G3_Node_Plugin - 21.7.16.1114 - Paolo Treffiletti
09:28:54.183 INFO  [1] ST_G3.Plugin.GUI.ServiceLayer-> ST_G3 Service Layer Initialization...
09:28:54.183 INFO  [1] ST_G3.Plugin.GUI.ServiceLayer-> Using timers based on a high-resolution performance counter
09:28:54.183 INFO  [1] ST_G3.Plugin.GUI.ServiceLayer-> Stopwatch timer FREQUENCY 10000000 (tick/s)
09:28:54.183 INFO  [1] ST_G3.Plugin.GUI.ServiceLayer-> Stopwatch timer is accurate within 100 ns
09:29:03.966 INFO  [1] ST_G3.Service.NodeInterface.NodeIf-> Node ID: 1 Port: COM1 - New NodeIf created
09:29:03.966 INFO  [1] ST_G3.Plugin.GUI.ServiceLayer-> Added node: Id=1
09:29:06.750 INFO  [1] ST_G3.Service.NodeInterface.NodeIf-> Node ID: 1 Port: COM5 - Open Serial Port COM5
09:29:06.759 INFO  [1] ST_G3.Service.NodeInterface.NodeIf-> Node ID: 1 Port: COM5 - Start Background Worker
09:29:06.761 DEBUG [11] ST_G3.Service.NodeInterface.NodeIf-> Node ID: 1 Port: COM5 - Background Worker Enter Thread
09:29:09.796 INFO  [1] ST_G3.Service.NodeInterface.NodeIf-> Node ID: 1 Port: COM5 - HI-RF-CONFIG-GET.Request
09:29:09.807 DEBUG [1] ST_G3.Service.NodeInterface.NodeIf-> Node ID: 1 Port: COM5 - Send Message [09:29:09.806]HOSTIF-RFCONFIG-GET.Request: 16 16 1A 00 00 00 00 00 00 00 97 42
09:30:42.413 DEBUG [1] ST_G3.Service.NodeInterface.NodeIf-> Node ID: 1 Port: COM5 - Receive Message [09:30:42.413]HOSTIF-HWRESET.Confirm
09:32:21.652 DEBUG [1] ST_G3.Service.NodeInterface.NodeIf-> Node ID: 1 Port: COM5 - Receive Message [09:32:21.652]HOSTIF-HWRESET.Confirm
09:34:30.752 INFO  [1] ST_G3.Service.NodeInterface.NodeIf-> Node ID: 1 Port: COM5 - G3LIB-SWRESET.Request
09:34:30.752 DEBUG [1] ST_G3.Service.NodeInterface.NodeIf-> Node ID: 1 Port: COM5 - Send Message [09:34:30.752]G3LIB-SWRESET.Request: 16 16 24 03 00 00 00 00 00 00 03 00 00 13 B6
09:34:30.847 DEBUG [1] ST_G3.Service.NodeInterface.NodeIf-> Node ID: 1 Port: COM5 - Receive Message [09:34:30.847]G3LIB-SWRESET.Confirm
09:42:12.737 INFO  [1] ST_G3.Service.NodeInterface.NodeIf-> Node ID: 1 Port: COM5 - Stop Background Worker
09:42:12.738 INFO  [1] ST_G3.Service.NodeInterface.NodeIf-> Port COM5 Closed
09:42:12.738 DEBUG [1] ST_G3.Service.NodeInterface.NodeIf-> Flush all the Rcv Messages: 0
09:42:12.738 DEBUG [11] ST_G3.Service.NodeInterface.NodeIf-> Node ID: 1 Port: COM5 - Backgournd Worker Exit Thread
09:42:13.191 INFO  [1] ST_G3.Service.NodeInterface.NodeIf-> Node ID: 1 Port: COM5 - Open Serial Port COM5
09:42:13.212 INFO  [1] ST_G3.Service.NodeInterface.NodeIf-> Node ID: 1 Port: COM5 - Start Background Worker
09:42:13.212 DEBUG [11] ST_G3.Service.NodeInterface.NodeIf-> Node ID: 1 Port: COM5 - Background Worker Enter Thread
09:42:15.445 INFO  [1] ST_G3.Service.NodeInterface.NodeIf-> Node ID: 1 Port: COM5 - G3LIB-SWRESET.Request
09:42:15.445 DEBUG [1] ST_G3.Service.NodeInterface.NodeIf-> Node ID: 1 Port: COM5 - Send Message [09:42:15.445]G3LIB-SWRESET.Request: 16 16 24 03 00 00 00 00 00 00 03 00 00 13 B6
09:42:15.528 DEBUG [1] ST_G3.Service.NodeInterface.NodeIf-> Node ID: 1 Port: COM5 - Receive Message [09:42:15.525]G3LIB-SWRESET.Confirm
09:43:30.145 INFO  [1] ST_G3.Service.NodeInterface.NodeIf-> Node ID: 1 Port: COM5 - HI-RF-CONFIG-SET.Request
09:43:30.145 DEBUG [1] ST_G3.Service.NodeInterface.NodeIf-> Node ID: 1 Port: COM5 - Send Message [09:43:30.145]HOSTIF-RFCONFIG-SET.Request: 16 16 18 28 00 00 00 00 00 00 C0 CA 89 36 00 50 C3 00 00 D4 30 00 00 A0 86 01 00 01 80 F0 FA 02 0E 23 A0 00 01 01 00 00 FF FF FF FF 00 00 01 02 03 00 94 E5
09:43:30.333 DEBUG [1] ST_G3.Service.NodeInterface.NodeIf-> Node ID: 1 Port: COM5 - Receive Message [09:43:30.333]HOSTIF-RFCONFIG-SET.Confirm
09:44:13.947 INFO  [1] ST_G3.Service.NodeInterface.NodeIf-> Node ID: 1 Port: COM5 - HI_TEST_SET_DR_RF.Request
09:44:13.950 DEBUG [1] ST_G3.Service.NodeInterface.NodeIf-> Node ID: 1 Port: COM5 - Send Message [09:44:13.950]HOSTIF-TESTSET.Request: 16 16 0A 0D 02 00 00 00 00 00 01 06 00 00 00 00 00 00 00 00 00 00 02 C4 B0 03 F3 AE BA C9 9D F4 56 3A B3 2D 2E EA BA 9B 52 7E 7D C8 34 ED 5B C9 37 98 DE 3B 4E C8 C4 20 92 47 15 FE 7B 3C 99 0F AC BA 4D C2 F3 92 71 9F 20 EA 08 CB 1E 7A 90 C3 A8 29 76 22 EA 62 A5 8D 76 93 9A E6 D4 BB 20 16 E4 6D 1B 7A A0 98 D6 A5 26 3F 1B 64 C0 F8 01 18 B6 52 56 51 C5 77 24 4A 14 BF 4B 60 F7 8B CA 65 CA F2 E6 B1 5E 16 22 0F 53 D1 FB AB 47 40 CD 7D 91 81 2F 81 64 CF 50 6D 49 D1 65 E0 4D 76 AD 9B 74 B5 9A CD 11 50 BA A0 2F 47 FE F4 7B 78 03 D3 F2 CE CE 75 5B 49 00 FA A2 79 67 8C B1 42 C1 DC 23 60 37 91 A6 FF 6B 41 C7 8F 51 1C D0 5B F2 D0 CE 91 ED 7E A8 37 3F 2B B4 9F 2B 98 E8 2D EE ED 85 21 D0 1A 40 71 2D F3 62 8D AE CC F7 E3 2A 46 86 97 BD 1F 55 43 34 EC 20 0C DC 07 D4 D3 58 9A A0 64 97 AF 8B D7 8F 5C 64 F9 1C 1B 89 72 33 D1 75 E4 11 51 6F CE 97 42 EC E4 F9 34 95 25 1F 8F 34 14 2C 92 4C 7A BB AF 07 60 BB 5B 26 19 62 AE D8 0B 91 EF C1 07 2A D1 CC 54 C2 A7 DD 5B C7 3E DA 8C E6 75 46 A1 84 FA 29 62 49 0F 13 3C 1B D3 81 4B 5B 8A 93 2F CD 2D EA 5A C6 F7 B7 14 D1 AC 99 7C 80 9A 32 ED 67 37 86 96 C6 5F BD 1A BE 90 39 EF 25 91 FF 3D AA AB BE B9 8B EC DA 8D 43 14 90 9D 76 96 BB 81 A0 93 E4 24 04 FC 68 6E 6F CF 9B 36 BD C7 EE 3F AC 5B D2 D5 DB 79 62 7A 5C F8 53 B1 CE 1F A4 28 D4 B7 4F 91 AD DB 39 AD 43 50 49 BC 50 A4 CF 7B 26 51 F1 1A C3 E6 A6 27 31 69 C7 0B A9 B6 A0 50 2A 73 61 06 78 5C 92 D1 22 24 92 8A 2F A5 2A B8 29 D7 8B 7D 2E 8A 64 EE 11 27 5F 43 13 2D 04 8C B0 F8 91 DC 43 C9 02 C9 BE 1F F7 9F 53 1B F7 8B 3F 0F E2 D1 2B 22 22 9F 0F 72 F4 50 FD 4E BE F4 20 06 DA 37 14 4D 74 5F D4 C2 BE 0F 93 C5 9B F5 30 7D BE
09:44:14.006 DEBUG [1] ST_G3.Service.NodeInterface.NodeIf-> Node ID: 1 Port: COM5 - Receive Message [09:44:14.001]HOSTIF-TESTSET.Confirm
09:44:22.160 INFO  [1] ST_G3.Service.NodeInterface.NodeIf-> Node ID: 1 Port: COM5 - HI_TEST_SET_DR_RF.Request
09:44:22.160 DEBUG [1] ST_G3.Service.NodeInterface.NodeIf-> Node ID: 1 Port: COM5 - Send Message [09:44:22.160]HOSTIF-TESTSET.Request: 16 16 0A 0D 02 00 00 00 00 00 01 06 00 00 00 00 00 00 00 00 00 00 02 C4 B0 03 F3 AE BA C9 9D F4 56 3A B3 2D 2E EA BA 9B 52 7E 7D C8 34 ED 5B C9 37 98 DE 3B 4E C8 C4 20 92 47 15 FE 7B 3C 99 0F AC BA 4D C2 F3 92 71 9F 20 EA 08 CB 1E 7A 90 C3 A8 29 76 22 EA 62 A5 8D 76 93 9A E6 D4 BB 20 16 E4 6D 1B 7A A0 98 D6 A5 26 3F 1B 64 C0 F8 01 18 B6 52 56 51 C5 77 24 4A 14 BF 4B 60 F7 8B CA 65 CA F2 E6 B1 5E 16 22 0F 53 D1 FB AB 47 40 CD 7D 91 81 2F 81 64 CF 50 6D 49 D1 65 E0 4D 76 AD 9B 74 B5 9A CD 11 50 BA A0 2F 47 FE F4 7B 78 03 D3 F2 CE CE 75 5B 49 00 FA A2 79 67 8C B1 42 C1 DC 23 60 37 91 A6 FF 6B 41 C7 8F 51 1C D0 5B F2 D0 CE 91 ED 7E A8 37 3F 2B B4 9F 2B 98 E8 2D EE ED 85 21 D0 1A 40 71 2D F3 62 8D AE CC F7 E3 2A 46 86 97 BD 1F 55 43 34 EC 20 0C DC 07 D4 D3 58 9A A0 64 97 AF 8B D7 8F 5C 64 F9 1C 1B 89 72 33 D1 75 E4 11 51 6F CE 97 42 EC E4 F9 34 95 25 1F 8F 34 14 2C 92 4C 7A BB AF 07 60 BB 5B 26 19 62 AE D8 0B 91 EF C1 07 2A D1 CC 54 C2 A7 DD 5B C7 3E DA 8C E6 75 46 A1 84 FA 29 62 49 0F 13 3C 1B D3 81 4B 5B 8A 93 2F CD 2D EA 5A C6 F7 B7 14 D1 AC 99 7C 80 9A 32 ED 67 37 86 96 C6 5F BD 1A BE 90 39 EF 25 91 FF 3D AA AB BE B9 8B EC DA 8D 43 14 90 9D 76 96 BB 81 A0 93 E4 24 04 FC 68 6E 6F CF 9B 36 BD C7 EE 3F AC 5B D2 D5 DB 79 62 7A 5C F8 53 B1 CE 1F A4 28 D4 B7 4F 91 AD DB 39 AD 43 50 49 BC 50 A4 CF 7B 26 51 F1 1A C3 E6 A6 27 31 69 C7 0B A9 B6 A0 50 2A 73 61 06 78 5C 92 D1 22 24 92 8A 2F A5 2A B8 29 D7 8B 7D 2E 8A 64 EE 11 27 5F 43 13 2D 04 8C B0 F8 91 DC 43 C9 02 C9 BE 1F F7 9F 53 1B F7 8B 3F 0F E2 D1 2B 22 22 9F 0F 72 F4 50 FD 4E BE F4 20 06 DA 37 14 4D 74 5F D4 C2 BE 0F 93 C5 9B F5 30 7D BE
09:44:22.222 DEBUG [1] ST_G3.Service.NodeInterface.NodeIf-> Node ID: 1 Port: COM5 - Receive Message [09:44:22.218]HOSTIF-TESTSET.Confirm
09:44:23.630 INFO  [1] ST_G3.Service.NodeInterface.NodeIf-> Node ID: 1 Port: COM5 - HI_TEST_SET_DR_RF.Request
09:44:23.635 DEBUG [1] ST_G3.Service.NodeInterface.NodeIf-> Node ID: 1 Port: COM5 - Send Message [09:44:23.630]HOSTIF-TESTSET.Request: 16 16 0A 0D 02 00 00 00 00 00 01 06 00 00 00 00 00 00 00 00 00 00 02 C4 B0 03 F3 AE BA C9 9D F4 56 3A B3 2D 2E EA BA 9B 52 7E 7D C8 34 ED 5B C9 37 98 DE 3B 4E C8 C4 20 92 47 15 FE 7B 3C 99 0F AC BA 4D C2 F3 92 71 9F 20 EA 08 CB 1E 7A 90 C3 A8 29 76 22 EA 62 A5 8D 76 93 9A E6 D4 BB 20 16 E4 6D 1B 7A A0 98 D6 A5 26 3F 1B 64 C0 F8 01 18 B6 52 56 51 C5 77 24 4A 14 BF 4B 60 F7 8B CA 65 CA F2 E6 B1 5E 16 22 0F 53 D1 FB AB 47 40 CD 7D 91 81 2F 81 64 CF 50 6D 49 D1 65 E0 4D 76 AD 9B 74 B5 9A CD 11 50 BA A0 2F 47 FE F4 7B 78 03 D3 F2 CE CE 75 5B 49 00 FA A2 79 67 8C B1 42 C1 DC 23 60 37 91 A6 FF 6B 41 C7 8F 51 1C D0 5B F2 D0 CE 91 ED 7E A8 37 3F 2B B4 9F 2B 98 E8 2D EE ED 85 21 D0 1A 40 71 2D F3 62 8D AE CC F7 E3 2A 46 86 97 BD 1F 55 43 34 EC 20 0C DC 07 D4 D3 58 9A A0 64 97 AF 8B D7 8F 5C 64 F9 1C 1B 89 72 33 D1 75 E4 11 51 6F CE 97 42 EC E4 F9 34 95 25 1F 8F 34 14 2C 92 4C 7A BB AF 07 60 BB 5B 26 19 62 AE D8 0B 91 EF C1 07 2A D1 CC 54 C2 A7 DD 5B C7 3E DA 8C E6 75 46 A1 84 FA 29 62 49 0F 13 3C 1B D3 81 4B 5B 8A 93 2F CD 2D EA 5A C6 F7 B7 14 D1 AC 99 7C 80 9A 32 ED 67 37 86 96 C6 5F BD 1A BE 90 39 EF 25 91 FF 3D AA AB BE B9 8B EC DA 8D 43 14 90 9D 76 96 BB 81 A0 93 E4 24 04 FC 68 6E 6F CF 9B 36 BD C7 EE 3F AC 5B D2 D5 DB 79 62 7A 5C F8 53 B1 CE 1F A4 28 D4 B7 4F 91 AD DB 39 AD 43 50 49 BC 50 A4 CF 7B 26 51 F1 1A C3 E6 A6 27 31 69 C7 0B A9 B6 A0 50 2A 73 61 06 78 5C 92 D1 22 24 92 8A 2F A5 2A B8 29 D7 8B 7D 2E 8A 64 EE 11 27 5F 43 13 2D 04 8C B0 F8 91 DC 43 C9 02 C9 BE 1F F7 9F 53 1B F7 8B 3F 0F E2 D1 2B 22 22 9F 0F 72 F4 50 FD 4E BE F4 20 06 DA 37 14 4D 74 5F D4 C2 BE 0F 93 C5 9B F5 30 7D BE
09:44:23.682 DEBUG [1] ST_G3.Service.NodeInterface.NodeIf-> Node ID: 1 Port: COM5 - Receive Message [09:44:23.682]HOSTIF-TESTSET.Confirm
09:44:42.439 INFO  [1] ST_G3.Service.NodeInterface.NodeIf-> Node ID: 1 Port: COM5 - PD_DATA.Request
09:44:42.443 DEBUG [1] ST_G3.Service.NodeInterface.NodeIf-> Node ID: 1 Port: COM5 - Send Message [09:44:42.440]G3PHY-DATA.Request: 16 16 40 22 02 00 00 00 00 00 20 00 00 00 00 00 00 00 00 00 00 00 00 00 00 00 00 00 00 00 00 00 00 00 00 00 00 FF FF FF 00 01 00 02 C4 B0 03 F3 AE BA C9 9D F4 56 3A B3 2D 2E EA BA 9B 52 7E 7D C8 34 ED 5B C9 37 98 DE 3B 4E C8 C4 20 92 47 15 FE 7B 3C 99 0F AC BA 4D C2 F3 92 71 9F 20 EA 08 CB 1E 7A 90 C3 A8 29 76 22 EA 62 A5 8D 76 93 9A E6 D4 BB 20 16 E4 6D 1B 7A A0 98 D6 A5 26 3F 1B 64 C0 F8 01 18 B6 52 56 51 C5 77 24 4A 14 BF 4B 60 F7 8B CA 65 CA F2 E6 B1 5E 16 22 0F 53 D1 FB AB 47 40 CD 7D 91 81 2F 81 64 CF 50 6D 49 D1 65 E0 4D 76 AD 9B 74 B5 9A CD 11 50 BA A0 2F 47 FE F4 7B 78 03 D3 F2 CE CE 75 5B 49 00 FA A2 79 67 8C B1 42 C1 DC 23 60 37 91 A6 FF 6B 41 C7 8F 51 1C D0 5B F2 D0 CE 91 ED 7E A8 37 3F 2B B4 9F 2B 98 E8 2D EE ED 85 21 D0 1A 40 71 2D F3 62 8D AE CC F7 E3 2A 46 86 97 BD 1F 55 43 34 EC 20 0C DC 07 D4 D3 58 9A A0 64 97 AF 8B D7 8F 5C 64 F9 1C 1B 89 72 33 D1 75 E4 11 51 6F CE 97 42 EC E4 F9 34 95 25 1F 8F 34 14 2C 92 4C 7A BB AF 07 60 BB 5B 26 19 62 AE D8 0B 91 EF C1 07 2A D1 CC 54 C2 A7 DD 5B C7 3E DA 8C E6 75 46 A1 84 FA 29 62 49 0F 13 3C 1B D3 81 4B 5B 8A 93 2F CD 2D EA 5A C6 F7 B7 14 D1 AC 99 7C 80 9A 32 ED 67 37 86 96 C6 5F BD 1A BE 90 39 EF 25 91 FF 3D AA AB BE B9 8B EC DA 8D 43 14 90 9D 76 96 BB 81 A0 93 E4 24 04 FC 68 6E 6F CF 9B 36 BD C7 EE 3F AC 5B D2 D5 DB 79 62 7A 5C F8 53 B1 CE 1F A4 28 D4 B7 4F 91 AD DB 39 AD 43 50 49 BC 50 A4 CF 7B 26 51 F1 1A C3 E6 A6 27 31 69 C7 0B A9 B6 A0 50 2A 73 61 06 78 5C 92 D1 22 24 92 8A 2F A5 2A B8 29 D7 8B 7D 2E 8A 64 EE 11 27 5F 43 13 2D 04 8C B0 F8 91 DC 43 C9 02 C9 BE 1F F7 9F 53 1B F7 8B 3F 0F E2 D1 2B 22 22 9F 0F 72 F4 50 FD 4E BE F4 20 06 DA 37 14 4D 74 5F D4 C2 BE 0F 93 C5 9B F5 30 8A 7E
09:44:42.504 DEBUG [1] ST_G3.Service.NodeInterface.NodeIf-> Node ID: 1 Port: COM5 - Receive Message [09:44:42.504]G3PHY-DATA.Confirm
09:44:49.161 INFO  [1] ST_G3.Service.NodeInterface.NodeIf-> Node ID: 1 Port: COM5 - RF_DATA.Request
09:44:49.162 DEBUG [1] ST_G3.Service.NodeInterface.NodeIf-> Node ID: 1 Port: COM5 - Send Message [09:44:49.162]G3PHY-RF.Request: 16 16 46 02 02 00 00 00 00 00 00 02 C4 B0 03 F3 AE BA C9 9D F4 56 3A B3 2D 2E EA BA 9B 52 7E 7D C8 34 ED 5B C9 37 98 DE 3B 4E C8 C4 20 92 47 15 FE 7B 3C 99 0F AC BA 4D C2 F3 92 71 9F 20 EA 08 CB 1E 7A 90 C3 A8 29 76 22 EA 62 A5 8D 76 93 9A E6 D4 BB 20 16 E4 6D 1B 7A A0 98 D6 A5 26 3F 1B 64 C0 F8 01 18 B6 52 56 51 C5 77 24 4A 14 BF 4B 60 F7 8B CA 65 CA F2 E6 B1 5E 16 22 0F 53 D1 FB AB 47 40 CD 7D 91 81 2F 81 64 CF 50 6D 49 D1 65 E0 4D 76 AD 9B 74 B5 9A CD 11 50 BA A0 2F 47 FE F4 7B 78 03 D3 F2 CE CE 75 5B 49 00 FA A2 79 67 8C B1 42 C1 DC 23 60 37 91 A6 FF 6B 41 C7 8F 51 1C D0 5B F2 D0 CE 91 ED 7E A8 37 3F 2B B4 9F 2B 98 E8 2D EE ED 85 21 D0 1A 40 71 2D F3 62 8D AE CC F7 E3 2A 46 86 97 BD 1F 55 43 34 EC 20 0C DC 07 D4 D3 58 9A A0 64 97 AF 8B D7 8F 5C 64 F9 1C 1B 89 72 33 D1 75 E4 11 51 6F CE 97 42 EC E4 F9 34 95 25 1F 8F 34 14 2C 92 4C 7A BB AF 07 60 BB 5B 26 19 62 AE D8 0B 91 EF C1 07 2A D1 CC 54 C2 A7 DD 5B C7 3E DA 8C E6 75 46 A1 84 FA 29 62 49 0F 13 3C 1B D3 81 4B 5B 8A 93 2F CD 2D EA 5A C6 F7 B7 14 D1 AC 99 7C 80 9A 32 ED 67 37 86 96 C6 5F BD 1A BE 90 39 EF 25 91 FF 3D AA AB BE B9 8B EC DA 8D 43 14 90 9D 76 96 BB 81 A0 93 E4 24 04 FC 68 6E 6F CF 9B 36 BD C7 EE 3F AC 5B D2 D5 DB 79 62 7A 5C F8 53 B1 CE 1F A4 28 D4 B7 4F 91 AD DB 39 AD 43 50 49 BC 50 A4 CF 7B 26 51 F1 1A C3 E6 A6 27 31 69 C7 0B A9 B6 A0 50 2A 73 61 06 78 5C 92 D1 22 24 92 8A 2F A5 2A B8 29 D7 8B 7D 2E 8A 64 EE 11 27 5F 43 13 2D 04 8C B0 F8 91 DC 43 C9 02 C9 BE 1F F7 9F 53 1B F7 8B 3F 0F E2 D1 2B 22 22 9F 0F 72 F4 50 FD 4E BE F4 20 06 DA 37 14 4D 74 5F D4 C2 BE 0F 93 C5 9B F5 30 7C FB
09:44:49.299 DEBUG [1] ST_G3.Service.NodeInterface.NodeIf-> Node ID: 1 Port: COM5 - Receive Message [09:44:49.299]G3PHY-RF.Confirm
09:45:02.263 INFO  [1] ST_G3.Service.NodeInterface.NodeIf-> Node ID: 1 Port: COM5 - RF_DATA.Request
09:45:02.264 DEBUG [1] ST_G3.Service.NodeInterface.NodeIf-> Node ID: 1 Port: COM5 - Send Message [09:45:02.264]G3PHY-RF.Request: 16 16 46 02 02 00 00 00 00 00 00 02 C4 B0 03 F3 AE BA C9 9D F4 56 3A B3 2D 2E EA BA 9B 52 7E 7D C8 34 ED 5B C9 37 98 DE 3B 4E C8 C4 20 92 47 15 FE 7B 3C 99 0F AC BA 4D C2 F3 92 71 9F 20 EA 08 CB 1E 7A 90 C3 A8 29 76 22 EA 62 A5 8D 76 93 9A E6 D4 BB 20 16 E4 6D 1B 7A A0 98 D6 A5 26 3F 1B 64 C0 F8 01 18 B6 52 56 51 C5 77 24 4A 14 BF 4B 60 F7 8B CA 65 CA F2 E6 B1 5E 16 22 0F 53 D1 FB AB 47 40 CD 7D 91 81 2F 81 64 CF 50 6D 49 D1 65 E0 4D 76 AD 9B 74 B5 9A CD 11 50 BA A0 2F 47 FE F4 7B 78 03 D3 F2 CE CE 75 5B 49 00 FA A2 79 67 8C B1 42 C1 DC 23 60 37 91 A6 FF 6B 41 C7 8F 51 1C D0 5B F2 D0 CE 91 ED 7E A8 37 3F 2B B4 9F 2B 98 E8 2D EE ED 85 21 D0 1A 40 71 2D F3 62 8D AE CC F7 E3 2A 46 86 97 BD 1F 55 43 34 EC 20 0C DC 07 D4 D3 58 9A A0 64 97 AF 8B D7 8F 5C 64 F9 1C 1B 89 72 33 D1 75 E4 11 51 6F CE 97 42 EC E4 F9 34 95 25 1F 8F 34 14 2C 92 4C 7A BB AF 07 60 BB 5B 26 19 62 AE D8 0B 91 EF C1 07 2A D1 CC 54 C2 A7 DD 5B C7 3E DA 8C E6 75 46 A1 84 FA 29 62 49 0F 13 3C 1B D3 81 4B 5B 8A 93 2F CD 2D EA 5A C6 F7 B7 14 D1 AC 99 7C 80 9A 32 ED 67 37 86 96 C6 5F BD 1A BE 90 39 EF 25 91 FF 3D AA AB BE B9 8B EC DA 8D 43 14 90 9D 76 96 BB 81 A0 93 E4 24 04 FC 68 6E 6F CF 9B 36 BD C7 EE 3F AC 5B D2 D5 DB 79 62 7A 5C F8 53 B1 CE 1F A4 28 D4 B7 4F 91 AD DB 39 AD 43 50 49 BC 50 A4 CF 7B 26 51 F1 1A C3 E6 A6 27 31 69 C7 0B A9 B6 A0 50 2A 73 61 06 78 5C 92 D1 22 24 92 8A 2F A5 2A B8 29 D7 8B 7D 2E 8A 64 EE 11 27 5F 43 13 2D 04 8C B0 F8 91 DC 43 C9 02 C9 BE 1F F7 9F 53 1B F7 8B 3F 0F E2 D1 2B 22 22 9F 0F 72 F4 50 FD 4E BE F4 20 06 DA 37 14 4D 74 5F D4 C2 BE 0F 93 C5 9B F5 30 7C FB
09:45:02.408 DEBUG [1] ST_G3.Service.NodeInterface.NodeIf-> Node ID: 1 Port: COM5 - Receive Message [09:45:02.408]G3PHY-RF.Confirm
09:45:03.634 INFO  [1] ST_G3.Service.NodeInterface.NodeIf-> Node ID: 1 Port: COM5 - RF_DATA.Request
09:45:03.634 DEBUG [1] ST_G3.Service.NodeInterface.NodeIf-> Node ID: 1 Port: COM5 - Send Message [09:45:03.634]G3PHY-RF.Request: 16 16 46 02 02 00 00 00 00 00 00 02 C4 B0 03 F3 AE BA C9 9D F4 56 3A B3 2D 2E EA BA 9B 52 7E 7D C8 34 ED 5B C9 37 98 DE 3B 4E C8 C4 20 92 47 15 FE 7B 3C 99 0F AC BA 4D C2 F3 92 71 9F 20 EA 08 CB 1E 7A 90 C3 A8 29 76 22 EA 62 A5 8D 76 93 9A E6 D4 BB 20 16 E4 6D 1B 7A A0 98 D6 A5 26 3F 1B 64 C0 F8 01 18 B6 52 56 51 C5 77 24 4A 14 BF 4B 60 F7 8B CA 65 CA F2 E6 B1 5E 16 22 0F 53 D1 FB AB 47 40 CD 7D 91 81 2F 81 64 CF 50 6D 49 D1 65 E0 4D 76 AD 9B 74 B5 9A CD 11 50 BA A0 2F 47 FE F4 7B 78 03 D3 F2 CE CE 75 5B 49 00 FA A2 79 67 8C B1 42 C1 DC 23 60 37 91 A6 FF 6B 41 C7 8F 51 1C D0 5B F2 D0 CE 91 ED 7E A8 37 3F 2B B4 9F 2B 98 E8 2D EE ED 85 21 D0 1A 40 71 2D F3 62 8D AE CC F7 E3 2A 46 86 97 BD 1F 55 43 34 EC 20 0C DC 07 D4 D3 58 9A A0 64 97 AF 8B D7 8F 5C 64 F9 1C 1B 89 72 33 D1 75 E4 11 51 6F CE 97 42 EC E4 F9 34 95 25 1F 8F 34 14 2C 92 4C 7A BB AF 07 60 BB 5B 26 19 62 AE D8 0B 91 EF C1 07 2A D1 CC 54 C2 A7 DD 5B C7 3E DA 8C E6 75 46 A1 84 FA 29 62 49 0F 13 3C 1B D3 81 4B 5B 8A 93 2F CD 2D EA 5A C6 F7 B7 14 D1 AC 99 7C 80 9A 32 ED 67 37 86 96 C6 5F BD 1A BE 90 39 EF 25 91 FF 3D AA AB BE B9 8B EC DA 8D 43 14 90 9D 76 96 BB 81 A0 93 E4 24 04 FC 68 6E 6F CF 9B 36 BD C7 EE 3F AC 5B D2 D5 DB 79 62 7A 5C F8 53 B1 CE 1F A4 28 D4 B7 4F 91 AD DB 39 AD 43 50 49 BC 50 A4 CF 7B 26 51 F1 1A C3 E6 A6 27 31 69 C7 0B A9 B6 A0 50 2A 73 61 06 78 5C 92 D1 22 24 92 8A 2F A5 2A B8 29 D7 8B 7D 2E 8A 64 EE 11 27 5F 43 13 2D 04 8C B0 F8 91 DC 43 C9 02 C9 BE 1F F7 9F 53 1B F7 8B 3F 0F E2 D1 2B 22 22 9F 0F 72 F4 50 FD 4E BE F4 20 06 DA 37 14 4D 74 5F D4 C2 BE 0F 93 C5 9B F5 30 7C FB
09:45:03.775 DEBUG [1] ST_G3.Service.NodeInterface.NodeIf-> Node ID: 1 Port: COM5 - Receive Message [09:45:03.775]G3PHY-RF.Confirm
09:45:03.854 INFO  [1] ST_G3.Service.NodeInterface.NodeIf-> Node ID: 1 Port: COM5 - RF_DATA.Request
09:45:03.869 DEBUG [1] ST_G3.Service.NodeInterface.NodeIf-> Node ID: 1 Port: COM5 - Send Message [09:45:03.854]G3PHY-RF.Request: 16 16 46 02 02 00 00 00 00 00 00 02 C4 B0 03 F3 AE BA C9 9D F4 56 3A B3 2D 2E EA BA 9B 52 7E 7D C8 34 ED 5B C9 37 98 DE 3B 4E C8 C4 20 92 47 15 FE 7B 3C 99 0F AC BA 4D C2 F3 92 71 9F 20 EA 08 CB 1E 7A 90 C3 A8 29 76 22 EA 62 A5 8D 76 93 9A E6 D4 BB 20 16 E4 6D 1B 7A A0 98 D6 A5 26 3F 1B 64 C0 F8 01 18 B6 52 56 51 C5 77 24 4A 14 BF 4B 60 F7 8B CA 65 CA F2 E6 B1 5E 16 22 0F 53 D1 FB AB 47 40 CD 7D 91 81 2F 81 64 CF 50 6D 49 D1 65 E0 4D 76 AD 9B 74 B5 9A CD 11 50 BA A0 2F 47 FE F4 7B 78 03 D3 F2 CE CE 75 5B 49 00 FA A2 79 67 8C B1 42 C1 DC 23 60 37 91 A6 FF 6B 41 C7 8F 51 1C D0 5B F2 D0 CE 91 ED 7E A8 37 3F 2B B4 9F 2B 98 E8 2D EE ED 85 21 D0 1A 40 71 2D F3 62 8D AE CC F7 E3 2A 46 86 97 BD 1F 55 43 34 EC 20 0C DC 07 D4 D3 58 9A A0 64 97 AF 8B D7 8F 5C 64 F9 1C 1B 89 72 33 D1 75 E4 11 51 6F CE 97 42 EC E4 F9 34 95 25 1F 8F 34 14 2C 92 4C 7A BB AF 07 60 BB 5B 26 19 62 AE D8 0B 91 EF C1 07 2A D1 CC 54 C2 A7 DD 5B C7 3E DA 8C E6 75 46 A1 84 FA 29 62 49 0F 13 3C 1B D3 81 4B 5B 8A 93 2F CD 2D EA 5A C6 F7 B7 14 D1 AC 99 7C 80 9A 32 ED 67 37 86 96 C6 5F BD 1A BE 90 39 EF 25 91 FF 3D AA AB BE B9 8B EC DA 8D 43 14 90 9D 76 96 BB 81 A0 93 E4 24 04 FC 68 6E 6F CF 9B 36 BD C7 EE 3F AC 5B D2 D5 DB 79 62 7A 5C F8 53 B1 CE 1F A4 28 D4 B7 4F 91 AD DB 39 AD 43 50 49 BC 50 A4 CF 7B 26 51 F1 1A C3 E6 A6 27 31 69 C7 0B A9 B6 A0 50 2A 73 61 06 78 5C 92 D1 22 24 92 8A 2F A5 2A B8 29 D7 8B 7D 2E 8A 64 EE 11 27 5F 43 13 2D 04 8C B0 F8 91 DC 43 C9 02 C9 BE 1F F7 9F 53 1B F7 8B 3F 0F E2 D1 2B 22 22 9F 0F 72 F4 50 FD 4E BE F4 20 06 DA 37 14 4D 74 5F D4 C2 BE 0F 93 C5 9B F5 30 7C FB
09:45:03.995 DEBUG [1] ST_G3.Service.NodeInterface.NodeIf-> Node ID: 1 Port: COM5 - Receive Message [09:45:03.995]G3PHY-RF.Confirm
09:45:25.947 INFO  [1] ST_G3.Service.NodeInterface.NodeIf-> Node ID: 1 Port: COM5 - RF_DATA.Request
09:45:25.948 DEBUG [1] ST_G3.Service.NodeInterface.NodeIf-> Node ID: 1 Port: COM5 - Send Message [09:45:25.948]G3PHY-RF.Request: 16 16 46 02 02 00 00 00 00 00 00 02 C4 B0 03 F3 AE BA C9 9D F4 56 3A B3 2D 2E EA BA 9B 52 7E 7D C8 34 ED 5B C9 37 98 DE 3B 4E C8 C4 20 92 47 15 FE 7B 3C 99 0F AC BA 4D C2 F3 92 71 9F 20 EA 08 CB 1E 7A 90 C3 A8 29 76 22 EA 62 A5 8D 76 93 9A E6 D4 BB 20 16 E4 6D 1B 7A A0 98 D6 A5 26 3F 1B 64 C0 F8 01 18 B6 52 56 51 C5 77 24 4A 14 BF 4B 60 F7 8B CA 65 CA F2 E6 B1 5E 16 22 0F 53 D1 FB AB 47 40 CD 7D 91 81 2F 81 64 CF 50 6D 49 D1 65 E0 4D 76 AD 9B 74 B5 9A CD 11 50 BA A0 2F 47 FE F4 7B 78 03 D3 F2 CE CE 75 5B 49 00 FA A2 79 67 8C B1 42 C1 DC 23 60 37 91 A6 FF 6B 41 C7 8F 51 1C D0 5B F2 D0 CE 91 ED 7E A8 37 3F 2B B4 9F 2B 98 E8 2D EE ED 85 21 D0 1A 40 71 2D F3 62 8D AE CC F7 E3 2A 46 86 97 BD 1F 55 43 34 EC 20 0C DC 07 D4 D3 58 9A A0 64 97 AF 8B D7 8F 5C 64 F9 1C 1B 89 72 33 D1 75 E4 11 51 6F CE 97 42 EC E4 F9 34 95 25 1F 8F 34 14 2C 92 4C 7A BB AF 07 60 BB 5B 26 19 62 AE D8 0B 91 EF C1 07 2A D1 CC 54 C2 A7 DD 5B C7 3E DA 8C E6 75 46 A1 84 FA 29 62 49 0F 13 3C 1B D3 81 4B 5B 8A 93 2F CD 2D EA 5A C6 F7 B7 14 D1 AC 99 7C 80 9A 32 ED 67 37 86 96 C6 5F BD 1A BE 90 39 EF 25 91 FF 3D AA AB BE B9 8B EC DA 8D 43 14 90 9D 76 96 BB 81 A0 93 E4 24 04 FC 68 6E 6F CF 9B 36 BD C7 EE 3F AC 5B D2 D5 DB 79 62 7A 5C F8 53 B1 CE 1F A4 28 D4 B7 4F 91 AD DB 39 AD 43 50 49 BC 50 A4 CF 7B 26 51 F1 1A C3 E6 A6 27 31 69 C7 0B A9 B6 A0 50 2A 73 61 06 78 5C 92 D1 22 24 92 8A 2F A5 2A B8 29 D7 8B 7D 2E 8A 64 EE 11 27 5F 43 13 2D 04 8C B0 F8 91 DC 43 C9 02 C9 BE 1F F7 9F 53 1B F7 8B 3F 0F E2 D1 2B 22 22 9F 0F 72 F4 50 FD 4E BE F4 20 06 DA 37 14 4D 74 5F D4 C2 BE 0F 93 C5 9B F5 30 7C FB
09:45:26.075 DEBUG [1] ST_G3.Service.NodeInterface.NodeIf-> Node ID: 1 Port: COM5 - Receive Message [09:45:26.075]G3PHY-RF.Confirm
09:45:30.723 INFO  [1] ST_G3.Service.NodeInterface.NodeIf-> Node ID: 1 Port: COM5 - HI_TEST_SET_DR_RF.Request
09:45:30.725 DEBUG [1] ST_G3.Service.NodeInterface.NodeIf-> Node ID: 1 Port: COM5 - Send Message [09:45:30.723]HOSTIF-TESTSET.Request: 16 16 0A 0D 02 00 00 00 00 00 01 06 01 00 00 00 00 00 00 00 00 00 02 C4 B0 03 F3 AE BA C9 9D F4 56 3A B3 2D 2E EA BA 9B 52 7E 7D C8 34 ED 5B C9 37 98 DE 3B 4E C8 C4 20 92 47 15 FE 7B 3C 99 0F AC BA 4D C2 F3 92 71 9F 20 EA 08 CB 1E 7A 90 C3 A8 29 76 22 EA 62 A5 8D 76 93 9A E6 D4 BB 20 16 E4 6D 1B 7A A0 98 D6 A5 26 3F 1B 64 C0 F8 01 18 B6 52 56 51 C5 77 24 4A 14 BF 4B 60 F7 8B CA 65 CA F2 E6 B1 5E 16 22 0F 53 D1 FB AB 47 40 CD 7D 91 81 2F 81 64 CF 50 6D 49 D1 65 E0 4D 76 AD 9B 74 B5 9A CD 11 50 BA A0 2F 47 FE F4 7B 78 03 D3 F2 CE CE 75 5B 49 00 FA A2 79 67 8C B1 42 C1 DC 23 60 37 91 A6 FF 6B 41 C7 8F 51 1C D0 5B F2 D0 CE 91 ED 7E A8 37 3F 2B B4 9F 2B 98 E8 2D EE ED 85 21 D0 1A 40 71 2D F3 62 8D AE CC F7 E3 2A 46 86 97 BD 1F 55 43 34 EC 20 0C DC 07 D4 D3 58 9A A0 64 97 AF 8B D7 8F 5C 64 F9 1C 1B 89 72 33 D1 75 E4 11 51 6F CE 97 42 EC E4 F9 34 95 25 1F 8F 34 14 2C 92 4C 7A BB AF 07 60 BB 5B 26 19 62 AE D8 0B 91 EF C1 07 2A D1 CC 54 C2 A7 DD 5B C7 3E DA 8C E6 75 46 A1 84 FA 29 62 49 0F 13 3C 1B D3 81 4B 5B 8A 93 2F CD 2D EA 5A C6 F7 B7 14 D1 AC 99 7C 80 9A 32 ED 67 37 86 96 C6 5F BD 1A BE 90 39 EF 25 91 FF 3D AA AB BE B9 8B EC DA 8D 43 14 90 9D 76 96 BB 81 A0 93 E4 24 04 FC 68 6E 6F CF 9B 36 BD C7 EE 3F AC 5B D2 D5 DB 79 62 7A 5C F8 53 B1 CE 1F A4 28 D4 B7 4F 91 AD DB 39 AD 43 50 49 BC 50 A4 CF 7B 26 51 F1 1A C3 E6 A6 27 31 69 C7 0B A9 B6 A0 50 2A 73 61 06 78 5C 92 D1 22 24 92 8A 2F A5 2A B8 29 D7 8B 7D 2E 8A 64 EE 11 27 5F 43 13 2D 04 8C B0 F8 91 DC 43 C9 02 C9 BE 1F F7 9F 53 1B F7 8B 3F 0F E2 D1 2B 22 22 9F 0F 72 F4 50 FD 4E BE F4 20 06 DA 37 14 4D 74 5F D4 C2 BE 0F 93 C5 9B F5 30 D3 E8
09:45:30.784 DEBUG [1] ST_G3.Service.NodeInterface.NodeIf-> Node ID: 1 Port: COM5 - Receive Message [09:45:30.784]HOSTIF-TESTSET.Confirm
09:45:35.771 DEBUG [1] ST_G3.Service.NodeInterface.NodeIf-> Node ID: 1 Port: COM5 - Receive Message [09:45:35.771]G3PHY-RF.Indication
09:45:37.117 DEBUG [1] ST_G3.Service.NodeInterface.NodeIf-> Node ID: 1 Port: COM5 - Receive Message [09:45:37.117]G3PHY-RF.Indication
09:45:38.906 DEBUG [1] ST_G3.Service.NodeInterface.NodeIf-> Node ID: 1 Port: COM5 - Receive Message [09:45:38.906]G3PHY-RF.Indication
09:45:49.184 DEBUG [1] ST_G3.Service.NodeInterface.NodeIf-> Node ID: 1 Port: COM5 - Receive Message [09:45:49.184]G3PHY-RF.Indication
09:46:00.359 INFO  [1] ST_G3.Service.NodeInterface.NodeIf-> Node ID: 1 Port: COM5 - RF_DATA.Request
09:46:00.359 DEBUG [1] ST_G3.Service.NodeInterface.NodeIf-> Node ID: 1 Port: COM5 - Send Message [09:46:00.359]G3PHY-RF.Request: 16 16 46 05 00 00 00 00 00 00 03 00 32 13 21 1F A9
09:46:00.390 DEBUG [1] ST_G3.Service.NodeInterface.NodeIf-> Node ID: 1 Port: COM5 - Receive Message [09:46:00.390]G3PHY-RF.Confirm
09:46:01.597 INFO  [1] ST_G3.Service.NodeInterface.NodeIf-> Node ID: 1 Port: COM5 - RF_DATA.Request
09:46:01.597 DEBUG [1] ST_G3.Service.NodeInterface.NodeIf-> Node ID: 1 Port: COM5 - Send Message [09:46:01.597]G3PHY-RF.Request: 16 16 46 05 00 00 00 00 00 00 03 00 32 13 21 1F A9
09:46:01.628 DEBUG [1] ST_G3.Service.NodeInterface.NodeIf-> Node ID: 1 Port: COM5 - Receive Message [09:46:01.612]G3PHY-RF.Confirm
10:48:38.659 INFO  [1] ST_G3.Service.NodeInterface.NodeIf-> Node ID: 1 Port: COM5 - G3LIB-SWRESET.Request
10:48:38.660 DEBUG [1] ST_G3.Service.NodeInterface.NodeIf-> Node ID: 1 Port: COM5 - Send Message [10:48:38.659]G3LIB-SWRESET.Request: 16 16 24 03 00 00 00 00 00 00 03 00 00 13 B6
10:48:38.755 DEBUG [1] ST_G3.Service.NodeInterface.NodeIf-> Node ID: 1 Port: COM5 - Receive Message [10:48:38.754]G3LIB-SWRESET.Confirm
10:48:45.750 INFO  [1] ST_G3.Service.NodeInterface.NodeIf-> Node ID: 1 Port: COM5 - HI-RF-CONFIG-SET.Request
10:48:45.750 DEBUG [1] ST_G3.Service.NodeInterface.NodeIf-> Node ID: 1 Port: COM5 - Send Message [10:48:45.750]HOSTIF-RFCONFIG-SET.Request: 16 16 18 28 00 00 00 00 00 00 C0 CA 89 36 00 50 C3 00 00 D4 30 00 00 A0 86 01 00 01 80 F0 FA 02 0E 23 A0 00 01 01 00 00 FF FF FF FF 00 00 01 02 03 00 94 E5
10:48:45.932 DEBUG [1] ST_G3.Service.NodeInterface.NodeIf-> Node ID: 1 Port: COM5 - Receive Message [10:48:45.932]HOSTIF-RFCONFIG-SET.Confirm
10:48:55.684 INFO  [1] ST_G3.Service.NodeInterface.NodeIf-> Node ID: 1 Port: COM5 - HI_TEST_SET_DR_RF.Request
10:48:55.684 DEBUG [1] ST_G3.Service.NodeInterface.NodeIf-> Node ID: 1 Port: COM5 - Send Message [10:48:55.684]HOSTIF-TESTSET.Request: 16 16 0A 10 00 00 00 00 00 00 01 06 01 00 00 00 00 00 00 00 00 03 00 32 13 21 31 FC
10:48:55.705 DEBUG [1] ST_G3.Service.NodeInterface.NodeIf-> Node ID: 1 Port: COM5 - Receive Message [10:48:55.699]HOSTIF-TESTSET.Confirm
10:49:02.946 INFO  [1] ST_G3.Service.NodeInterface.NodeIf-> Node ID: 1 Port: COM5 - RF_DATA.Request
10:49:02.946 DEBUG [1] ST_G3.Service.NodeInterface.NodeIf-> Node ID: 1 Port: COM5 - Send Message [10:49:02.946]G3PHY-RF.Request: 16 16 46 05 00 00 00 00 00 00 03 00 32 13 21 1F A9
10:49:02.983 DEBUG [1] ST_G3.Service.NodeInterface.NodeIf-> Node ID: 1 Port: COM5 - Receive Message [10:49:02.957]G3PHY-RF.Confirm
10:49:03.343 INFO  [1] ST_G3.Service.NodeInterface.NodeIf-> Node ID: 1 Port: COM5 - RF_DATA.Request
10:49:03.343 DEBUG [1] ST_G3.Service.NodeInterface.NodeIf-> Node ID: 1 Port: COM5 - Send Message [10:49:03.343]G3PHY-RF.Request: 16 16 46 05 00 00 00 00 00 00 03 00 32 13 21 1F A9
10:49:03.378 DEBUG [1] ST_G3.Service.NodeInterface.NodeIf-> Node ID: 1 Port: COM5 - Receive Message [10:49:03.357]G3PHY-RF.Confirm
10:49:08.190 INFO  [1] ST_G3.Service.NodeInterface.NodeIf-> Node ID: 1 Port: COM5 - HI-TEST-SET.Request
10:49:08.190 DEBUG [1] ST_G3.Service.NodeInterface.NodeIf-> Node ID: 1 Port: COM5 - Send Message [10:49:08.190]HOSTIF-TESTSET.Request: 16 16 0A 01 00 00 00 00 00 00 00 AB EB
10:49:08.209 DEBUG [1] ST_G3.Service.NodeInterface.NodeIf-> Node ID: 1 Port: COM5 - Receive Message [10:49:08.201]HOSTIF-TESTSET.Confirm
10:49:22.153 INFO  [1] ST_G3.Service.NodeInterface.NodeIf-> Node ID: 1 Port: COM5 - HI_TEST_SET_DR_PHY.Request
10:49:22.156 DEBUG [1] ST_G3.Service.NodeInterface.NodeIf-> Node ID: 1 Port: COM5 - Send Message [10:49:22.156]HOSTIF-TESTSET.Request: 16 16 0A 30 00 00 00 00 00 00 01 00 01 00 00 00 00 00 00 00 00 20 00 00 00 00 00 00 00 00 00 00 00 00 00 00 00 00 00 00 00 00 00 00 00 00 00 00 FF FF FF 00 01 03 00 32 13 21 7D AF
10:49:22.180 DEBUG [1] ST_G3.Service.NodeInterface.NodeIf-> Node ID: 1 Port: COM5 - Receive Message [10:49:22.172]HOSTIF-TESTSET.Confirm
10:49:24.917 INFO  [1] ST_G3.Service.NodeInterface.NodeIf-> Node ID: 1 Port: COM5 - PD_DATA.Request
10:49:24.917 DEBUG [1] ST_G3.Service.NodeInterface.NodeIf-> Node ID: 1 Port: COM5 - Send Message [10:49:24.917]G3PHY-DATA.Request: 16 16 40 25 00 00 00 00 00 00 20 00 00 00 00 00 00 00 00 00 00 00 00 00 00 00 00 00 00 00 00 00 00 00 00 00 00 FF FF FF 00 01 03 00 32 13 21 F3 48
10:49:24.939 DEBUG [1] ST_G3.Service.NodeInterface.NodeIf-> Node ID: 1 Port: COM5 - Receive Message [10:49:24.938]G3PHY-DATA.Confirm
10:49:25.908 INFO  [1] ST_G3.Service.NodeInterface.NodeIf-> Node ID: 1 Port: COM5 - PD_DATA.Request
10:49:25.909 DEBUG [1] ST_G3.Service.NodeInterface.NodeIf-> Node ID: 1 Port: COM5 - Send Message [10:49:25.909]G3PHY-DATA.Request: 16 16 40 25 00 00 00 00 00 00 20 00 00 00 00 00 00 00 00 00 00 00 00 00 00 00 00 00 00 00 00 00 00 00 00 00 00 FF FF FF 00 01 03 00 32 13 21 F3 48
10:49:25.947 DEBUG [1] ST_G3.Service.NodeInterface.NodeIf-> Node ID: 1 Port: COM5 - Receive Message [10:49:25.930]G3PHY-DATA.Confirm
10:49:52.565 INFO  [1] ST_G3.Service.NodeInterface.NodeIf-> Node ID: 1 Port: COM5 - PD_DATA.Request
10:49:52.565 DEBUG [1] ST_G3.Service.NodeInterface.NodeIf-> Node ID: 1 Port: COM5 - Send Message [10:49:52.565]G3PHY-DATA.Request: 16 16 40 25 00 00 00 00 00 00 20 00 00 00 00 00 00 00 00 00 00 00 00 00 00 00 00 00 00 00 00 00 00 00 00 00 00 FF FF FF 00 01 03 00 32 13 21 F3 48
10:49:52.596 DEBUG [1] ST_G3.Service.NodeInterface.NodeIf-> Node ID: 1 Port: COM5 - Receive Message [10:49:52.596]G3PHY-DATA.Confirm
10:49:53.654 INFO  [1] ST_G3.Service.NodeInterface.NodeIf-> Node ID: 1 Port: COM5 - PD_DATA.Request
10:49:53.654 DEBUG [1] ST_G3.Service.NodeInterface.NodeIf-> Node ID: 1 Port: COM5 - Send Message [10:49:53.654]G3PHY-DATA.Request: 16 16 40 25 00 00 00 00 00 00 20 00 00 00 00 00 00 00 00 00 00 00 00 00 00 00 00 00 00 00 00 00 00 00 00 00 00 FF FF FF 00 01 03 00 32 13 21 F3 48
10:49:53.691 DEBUG [1] ST_G3.Service.NodeInterface.NodeIf-> Node ID: 1 Port: COM5 - Receive Message [10:49:53.682]G3PHY-DATA.Confirm
10:49:54.425 INFO  [1] ST_G3.Service.NodeInterface.NodeIf-> Node ID: 1 Port: COM5 - PD_DATA.Request
10:49:54.425 DEBUG [1] ST_G3.Service.NodeInterface.NodeIf-> Node ID: 1 Port: COM5 - Send Message [10:49:54.425]G3PHY-DATA.Request: 16 16 40 25 00 00 00 00 00 00 20 00 00 00 00 00 00 00 00 00 00 00 00 00 00 00 00 00 00 00 00 00 00 00 00 00 00 FF FF FF 00 01 03 00 32 13 21 F3 48
10:49:54.460 DEBUG [1] ST_G3.Service.NodeInterface.NodeIf-> Node ID: 1 Port: COM5 - Receive Message [10:49:54.449]G3PHY-DATA.Confirm
10:49:54.725 INFO  [1] ST_G3.Service.NodeInterface.NodeIf-> Node ID: 1 Port: COM5 - PD_DATA.Request
10:49:54.725 DEBUG [1] ST_G3.Service.NodeInterface.NodeIf-> Node ID: 1 Port: COM5 - Send Message [10:49:54.725]G3PHY-DATA.Request: 16 16 40 25 00 00 00 00 00 00 20 00 00 00 00 00 00 00 00 00 00 00 00 00 00 00 00 00 00 00 00 00 00 00 00 00 00 FF FF FF 00 01 03 00 32 13 21 F3 48
10:49:54.787 DEBUG [1] ST_G3.Service.NodeInterface.NodeIf-> Node ID: 1 Port: COM5 - Receive Message [10:49:54.753]G3PHY-DATA.Confirm
10:52:00.291 INFO  [1] ST_G3.Service.NodeInterface.NodeIf-> Node ID: 1 Port: COM5 - RF_DATA.Request
10:52:00.291 DEBUG [1] ST_G3.Service.NodeInterface.NodeIf-> Node ID: 1 Port: COM5 - Send Message [10:52:00.291]G3PHY-RF.Request: 16 16 46 05 00 00 00 00 00 00 03 00 32 13 21 1F A9
10:52:00.319 DEBUG [1] ST_G3.Service.NodeInterface.NodeIf-> Node ID: 1 Port: COM5 - Receive Message [10:52:00.316]G3PHY-RF.Confirm
10:52:00.932 INFO  [1] ST_G3.Service.NodeInterface.NodeIf-> Node ID: 1 Port: COM5 - RF_DATA.Request
10:52:00.933 DEBUG [1] ST_G3.Service.NodeInterface.NodeIf-> Node ID: 1 Port: COM5 - Send Message [10:52:00.933]G3PHY-RF.Request: 16 16 46 05 00 00 00 00 00 00 03 00 32 13 21 1F A9
10:52:00.956 DEBUG [1] ST_G3.Service.NodeInterface.NodeIf-> Node ID: 1 Port: COM5 - Receive Message [10:52:00.955]G3PHY-RF.Confirm
10:52:10.211 INFO  [1] ST_G3.Service.NodeInterface.NodeIf-> Node ID: 1 Port: COM5 - HI-TEST-SET.Request
10:52:10.211 DEBUG [1] ST_G3.Service.NodeInterface.NodeIf-> Node ID: 1 Port: COM5 - Send Message [10:52:10.211]HOSTIF-TESTSET.Request: 16 16 0A 01 00 00 00 00 00 00 00 AB EB
10:52:10.232 DEBUG [1] ST_G3.Service.NodeInterface.NodeIf-> Node ID: 1 Port: COM5 - Receive Message [10:52:10.227]HOSTIF-TESTSET.Confirm
10:52:10.658 INFO  [1] ST_G3.Service.NodeInterface.NodeIf-> Node ID: 1 Port: COM5 - HI_TEST_SET_DR_PHY.Request
10:52:10.658 DEBUG [1] ST_G3.Service.NodeInterface.NodeIf-> Node ID: 1 Port: COM5 - Send Message [10:52:10.658]HOSTIF-TESTSET.Request: 16 16 0A 30 00 00 00 00 00 00 01 00 00 00 00 00 00 00 00 00 00 20 00 00 00 00 00 00 00 00 00 00 00 00 00 00 00 00 00 00 00 00 00 00 00 00 00 00 FF FF FF 00 01 03 00 32 13 21 84 07
10:52:10.679 DEBUG [1] ST_G3.Service.NodeInterface.NodeIf-> Node ID: 1 Port: COM5 - Receive Message [10:52:10.674]HOSTIF-TESTSET.Confirm
10:52:11.879 DEBUG [1] ST_G3.Service.NodeInterface.NodeIf-> Node ID: 1 Port: COM5 - Receive Message [10:52:11.879]G3PHY-DATA.Indication
10:52:12.313 DEBUG [1] ST_G3.Service.NodeInterface.NodeIf-> Node ID: 1 Port: COM5 - Receive Message [10:52:12.313]G3PHY-DATA.Indication
10:52:12.738 DEBUG [1] ST_G3.Service.NodeInterface.NodeIf-> Node ID: 1 Port: COM5 - Receive Message [10:52:12.738]G3PHY-DATA.Indication
10:53:06.245 INFO  [1] ST_G3.Service.NodeInterface.NodeIf-> Node ID: 1 Port: COM5 - PD_DATA.Request
10:53:06.245 DEBUG [1] ST_G3.Service.NodeInterface.NodeIf-> Node ID: 1 Port: COM5 - Send Message [10:53:06.245]G3PHY-DATA.Request: 16 16 40 25 00 00 00 00 00 00 20 00 00 00 00 00 00 00 00 00 00 00 00 00 00 00 00 00 00 00 00 00 00 00 00 00 00 FF FF FF 00 01 03 00 32 13 21 F3 48
10:53:06.290 DEBUG [1] ST_G3.Service.NodeInterface.NodeIf-> Node ID: 1 Port: COM5 - Receive Message [10:53:06.261]G3PHY-DATA.Confirm
10:53:07.223 INFO  [1] ST_G3.Service.NodeInterface.NodeIf-> Node ID: 1 Port: COM5 - PD_DATA.Request
10:53:07.223 DEBUG [1] ST_G3.Service.NodeInterface.NodeIf-> Node ID: 1 Port: COM5 - Send Message [10:53:07.223]G3PHY-DATA.Request: 16 16 40 25 00 00 00 00 00 00 20 00 00 00 00 00 00 00 00 00 00 00 00 00 00 00 00 00 00 00 00 00 00 00 00 00 00 FF FF FF 00 01 03 00 32 13 21 F3 48
10:53:07.255 DEBUG [1] ST_G3.Service.NodeInterface.NodeIf-> Node ID: 1 Port: COM5 - Receive Message [10:53:07.235]G3PHY-DATA.Confirm
10:53:08.625 INFO  [1] ST_G3.Service.NodeInterface.NodeIf-> Node ID: 1 Port: COM5 - HI_TEST_SET_DR_PHY.Request
10:53:08.625 DEBUG [1] ST_G3.Service.NodeInterface.NodeIf-> Node ID: 1 Port: COM5 - Send Message [10:53:08.625]HOSTIF-TESTSET.Request: 16 16 0A 30 00 00 00 00 00 00 01 00 00 00 00 00 00 00 00 00 00 20 00 00 00 00 00 00 00 00 00 00 00 00 00 00 00 00 00 00 00 00 00 00 00 00 00 00 FF FF FF 00 01 03 00 32 13 21 84 07
10:53:08.652 DEBUG [1] ST_G3.Service.NodeInterface.NodeIf-> Node ID: 1 Port: COM5 - Receive Message [10:53:08.643]HOSTIF-TESTSET.Confirm
10:53:12.656 DEBUG [1] ST_G3.Service.NodeInterface.NodeIf-> Node ID: 1 Port: COM5 - Receive Message [10:53:12.655]G3PHY-DATA.Indication
10:53:13.137 DEBUG [1] ST_G3.Service.NodeInterface.NodeIf-> Node ID: 1 Port: COM5 - Receive Message [10:53:13.137]G3PHY-DATA.Indication
11:09:47.217 INFO  [1] StPowerLine.App-> ST-PowerLineGui EXIT
[Footer]
